
2016-06-15 23:18:03
[ERROR]-[Thread: main]-[com.jfinal.core.Config.startPlugins()]: Plugin start error: com.jfinal.plugin.activerecord.ActiveRecordPlugin. 
com.mysql.jdbc.exceptions.jdbc4.MySQLSyntaxErrorException: Table 'idcdb.om_dev_change' doesn't exist
com.jfinal.plugin.activerecord.ActiveRecordException: com.mysql.jdbc.exceptions.jdbc4.MySQLSyntaxErrorException: Table 'idcdb.om_dev_change' doesn't exist
	at com.jfinal.plugin.activerecord.TableBuilder.build(TableBuilder.java:54)
	at com.jfinal.plugin.activerecord.ActiveRecordPlugin.start(ActiveRecordPlugin.java:225)
	at com.jfinal.core.Config.startPlugins(Config.java:88)
	at com.jfinal.core.Config.configJFinal(Config.java:49)
	at com.jfinal.core.JFinal.init(JFinal.java:62)
	at com.jfinal.core.JFinalFilter.init(JFinalFilter.java:49)
	at org.mortbay.jetty.servlet.FilterHolder.doStart(FilterHolder.java:97)
	at org.mortbay.component.AbstractLifeCycle.start(AbstractLifeCycle.java:50)
	at org.mortbay.jetty.servlet.ServletHandler.initialize(ServletHandler.java:713)
	at org.mortbay.jetty.servlet.Context.startContext(Context.java:140)
	at org.mortbay.jetty.webapp.WebAppContext.startContext(WebAppContext.java:1282)
	at org.mortbay.jetty.handler.ContextHandler.doStart(ContextHandler.java:518)
	at org.mortbay.jetty.webapp.WebAppContext.doStart(WebAppContext.java:499)
	at org.mortbay.component.AbstractLifeCycle.start(AbstractLifeCycle.java:50)
	at org.mortbay.jetty.handler.HandlerWrapper.doStart(HandlerWrapper.java:130)
	at org.mortbay.jetty.Server.doStart(Server.java:224)
	at org.mortbay.component.AbstractLifeCycle.start(AbstractLifeCycle.java:50)
	at runjettyrun.Bootstrap.main(Bootstrap.java:97)
Caused by: com.mysql.jdbc.exceptions.jdbc4.MySQLSyntaxErrorException: Table 'idcdb.om_dev_change' doesn't exist
	at sun.reflect.NativeConstructorAccessorImpl.newInstance0(Native Method)
	at sun.reflect.NativeConstructorAccessorImpl.newInstance(NativeConstructorAccessorImpl.java:57)
	at sun.reflect.DelegatingConstructorAccessorImpl.newInstance(DelegatingConstructorAccessorImpl.java:45)
	at java.lang.reflect.Constructor.newInstance(Constructor.java:526)
	at com.mysql.jdbc.Util.handleNewInstance(Util.java:411)
	at com.mysql.jdbc.Util.getInstance(Util.java:386)
	at com.mysql.jdbc.SQLError.createSQLException(SQLError.java:1052)
	at com.mysql.jdbc.MysqlIO.checkErrorPacket(MysqlIO.java:4096)
	at com.mysql.jdbc.MysqlIO.checkErrorPacket(MysqlIO.java:4028)
	at com.mysql.jdbc.MysqlIO.sendCommand(MysqlIO.java:2490)
	at com.mysql.jdbc.MysqlIO.sqlQueryDirect(MysqlIO.java:2651)
	at com.mysql.jdbc.ConnectionImpl.execSQL(ConnectionImpl.java:2677)
	at com.mysql.jdbc.ConnectionImpl.execSQL(ConnectionImpl.java:2627)
	at com.mysql.jdbc.StatementImpl.executeQuery(StatementImpl.java:1556)
	at com.mchange.v2.c3p0.impl.NewProxyStatement.executeQuery(NewProxyStatement.java:35)
	at com.jfinal.plugin.activerecord.TableBuilder.doBuild(TableBuilder.java:70)
	at com.jfinal.plugin.activerecord.TableBuilder.build(TableBuilder.java:46)
	... 17 more

2016-06-15 23:47:17
[WARN]-[Thread: qtp1753616580-20]-[com.jfinal.core.ActionHandler.handle()]: 404 Action Not Found: /BUSI2IOM/desktopAction/getSession

2016-06-15 23:48:37
[ERROR]-[Thread: main]-[com.jfinal.core.Config.startPlugins()]: Plugin start error: com.jfinal.plugin.activerecord.ActiveRecordPlugin. 
com.mysql.jdbc.exceptions.jdbc4.MySQLSyntaxErrorException: Table 'idcdb.om_dev_change' doesn't exist
com.jfinal.plugin.activerecord.ActiveRecordException: com.mysql.jdbc.exceptions.jdbc4.MySQLSyntaxErrorException: Table 'idcdb.om_dev_change' doesn't exist
	at com.jfinal.plugin.activerecord.TableBuilder.build(TableBuilder.java:54)
	at com.jfinal.plugin.activerecord.ActiveRecordPlugin.start(ActiveRecordPlugin.java:225)
	at com.jfinal.core.Config.startPlugins(Config.java:88)
	at com.jfinal.core.Config.configJFinal(Config.java:49)
	at com.jfinal.core.JFinal.init(JFinal.java:62)
	at com.jfinal.core.JFinalFilter.init(JFinalFilter.java:49)
	at org.eclipse.jetty.servlet.FilterHolder.doStart(FilterHolder.java:119)
	at org.eclipse.jetty.util.component.AbstractLifeCycle.start(AbstractLifeCycle.java:64)
	at org.eclipse.jetty.servlet.ServletHandler.initialize(ServletHandler.java:724)
	at org.eclipse.jetty.servlet.ServletContextHandler.startContext(ServletContextHandler.java:265)
	at org.eclipse.jetty.webapp.WebAppContext.startContext(WebAppContext.java:1250)
	at org.eclipse.jetty.server.handler.ContextHandler.doStart(ContextHandler.java:706)
	at org.eclipse.jetty.webapp.WebAppContext.doStart(WebAppContext.java:492)
	at org.eclipse.jetty.util.component.AbstractLifeCycle.start(AbstractLifeCycle.java:64)
	at org.eclipse.jetty.server.handler.HandlerWrapper.doStart(HandlerWrapper.java:95)
	at org.eclipse.jetty.server.Server.doStart(Server.java:277)
	at org.eclipse.jetty.util.component.AbstractLifeCycle.start(AbstractLifeCycle.java:64)
	at com.jfinal.server.JettyServer.doStart(JettyServer.java:122)
	at com.jfinal.server.JettyServer.start(JettyServer.java:65)
	at com.jfinal.core.JFinal.start(JFinal.java:154)
	at com.ztesoft.terminal.config.WebConfig.main(WebConfig.java:105)
Caused by: com.mysql.jdbc.exceptions.jdbc4.MySQLSyntaxErrorException: Table 'idcdb.om_dev_change' doesn't exist
	at sun.reflect.NativeConstructorAccessorImpl.newInstance0(Native Method)
	at sun.reflect.NativeConstructorAccessorImpl.newInstance(NativeConstructorAccessorImpl.java:57)
	at sun.reflect.DelegatingConstructorAccessorImpl.newInstance(DelegatingConstructorAccessorImpl.java:45)
	at java.lang.reflect.Constructor.newInstance(Constructor.java:526)
	at com.mysql.jdbc.Util.handleNewInstance(Util.java:411)
	at com.mysql.jdbc.Util.getInstance(Util.java:386)
	at com.mysql.jdbc.SQLError.createSQLException(SQLError.java:1052)
	at com.mysql.jdbc.MysqlIO.checkErrorPacket(MysqlIO.java:4096)
	at com.mysql.jdbc.MysqlIO.checkErrorPacket(MysqlIO.java:4028)
	at com.mysql.jdbc.MysqlIO.sendCommand(MysqlIO.java:2490)
	at com.mysql.jdbc.MysqlIO.sqlQueryDirect(MysqlIO.java:2651)
	at com.mysql.jdbc.ConnectionImpl.execSQL(ConnectionImpl.java:2677)
	at com.mysql.jdbc.ConnectionImpl.execSQL(ConnectionImpl.java:2627)
	at com.mysql.jdbc.StatementImpl.executeQuery(StatementImpl.java:1556)
	at com.mchange.v2.c3p0.impl.NewProxyStatement.executeQuery(NewProxyStatement.java:35)
	at com.jfinal.plugin.activerecord.TableBuilder.doBuild(TableBuilder.java:70)
	at com.jfinal.plugin.activerecord.TableBuilder.build(TableBuilder.java:46)
	... 20 more

2016-06-15 23:48:37
[ERROR]-[Thread: main]-[com.jfinal.kit.LogKit.error()]: Plugin start error: com.jfinal.plugin.activerecord.ActiveRecordPlugin. 
com.mysql.jdbc.exceptions.jdbc4.MySQLSyntaxErrorException: Table 'idcdb.om_dev_change' doesn't exist
java.lang.RuntimeException: Plugin start error: com.jfinal.plugin.activerecord.ActiveRecordPlugin. 
com.mysql.jdbc.exceptions.jdbc4.MySQLSyntaxErrorException: Table 'idcdb.om_dev_change' doesn't exist
	at com.jfinal.core.Config.startPlugins(Config.java:97)
	at com.jfinal.core.Config.configJFinal(Config.java:49)
	at com.jfinal.core.JFinal.init(JFinal.java:62)
	at com.jfinal.core.JFinalFilter.init(JFinalFilter.java:49)
	at org.eclipse.jetty.servlet.FilterHolder.doStart(FilterHolder.java:119)
	at org.eclipse.jetty.util.component.AbstractLifeCycle.start(AbstractLifeCycle.java:64)
	at org.eclipse.jetty.servlet.ServletHandler.initialize(ServletHandler.java:724)
	at org.eclipse.jetty.servlet.ServletContextHandler.startContext(ServletContextHandler.java:265)
	at org.eclipse.jetty.webapp.WebAppContext.startContext(WebAppContext.java:1250)
	at org.eclipse.jetty.server.handler.ContextHandler.doStart(ContextHandler.java:706)
	at org.eclipse.jetty.webapp.WebAppContext.doStart(WebAppContext.java:492)
	at org.eclipse.jetty.util.component.AbstractLifeCycle.start(AbstractLifeCycle.java:64)
	at org.eclipse.jetty.server.handler.HandlerWrapper.doStart(HandlerWrapper.java:95)
	at org.eclipse.jetty.server.Server.doStart(Server.java:277)
	at org.eclipse.jetty.util.component.AbstractLifeCycle.start(AbstractLifeCycle.java:64)
	at com.jfinal.server.JettyServer.doStart(JettyServer.java:122)
	at com.jfinal.server.JettyServer.start(JettyServer.java:65)
	at com.jfinal.core.JFinal.start(JFinal.java:154)
	at com.ztesoft.terminal.config.WebConfig.main(WebConfig.java:105)
Caused by: com.jfinal.plugin.activerecord.ActiveRecordException: com.mysql.jdbc.exceptions.jdbc4.MySQLSyntaxErrorException: Table 'idcdb.om_dev_change' doesn't exist
	at com.jfinal.plugin.activerecord.TableBuilder.build(TableBuilder.java:54)
	at com.jfinal.plugin.activerecord.ActiveRecordPlugin.start(ActiveRecordPlugin.java:225)
	at com.jfinal.core.Config.startPlugins(Config.java:88)
	... 18 more
Caused by: com.mysql.jdbc.exceptions.jdbc4.MySQLSyntaxErrorException: Table 'idcdb.om_dev_change' doesn't exist
	at sun.reflect.NativeConstructorAccessorImpl.newInstance0(Native Method)
	at sun.reflect.NativeConstructorAccessorImpl.newInstance(NativeConstructorAccessorImpl.java:57)
	at sun.reflect.DelegatingConstructorAccessorImpl.newInstance(DelegatingConstructorAccessorImpl.java:45)
	at java.lang.reflect.Constructor.newInstance(Constructor.java:526)
	at com.mysql.jdbc.Util.handleNewInstance(Util.java:411)
	at com.mysql.jdbc.Util.getInstance(Util.java:386)
	at com.mysql.jdbc.SQLError.createSQLException(SQLError.java:1052)
	at com.mysql.jdbc.MysqlIO.checkErrorPacket(MysqlIO.java:4096)
	at com.mysql.jdbc.MysqlIO.checkErrorPacket(MysqlIO.java:4028)
	at com.mysql.jdbc.MysqlIO.sendCommand(MysqlIO.java:2490)
	at com.mysql.jdbc.MysqlIO.sqlQueryDirect(MysqlIO.java:2651)
	at com.mysql.jdbc.ConnectionImpl.execSQL(ConnectionImpl.java:2677)
	at com.mysql.jdbc.ConnectionImpl.execSQL(ConnectionImpl.java:2627)
	at com.mysql.jdbc.StatementImpl.executeQuery(StatementImpl.java:1556)
	at com.mchange.v2.c3p0.impl.NewProxyStatement.executeQuery(NewProxyStatement.java:35)
	at com.jfinal.plugin.activerecord.TableBuilder.doBuild(TableBuilder.java:70)
	at com.jfinal.plugin.activerecord.TableBuilder.build(TableBuilder.java:46)
	... 20 more

2016-06-15 23:50:40
[WARN]-[Thread: qtp968288632-20]-[com.jfinal.core.ActionHandler.handle()]: 404 Action Not Found: /BUSI2IOM/desktopAction/getSession

2016-06-15 23:52:41
[WARN]-[Thread: qtp395961058-20]-[com.jfinal.core.ActionHandler.handle()]: 404 Action Not Found: /BUSI2IOM/desktopAction/getSession

2016-06-15 23:52:59
[ERROR]-[Thread: qtp395961058-21]-[com.jfinal.core.ActionHandler.handle()]: /yunmain
com.jfinal.render.RenderException: java.io.FileNotFoundException: Template "/yunmain/main.html" not found.
	at com.jfinal.render.FreeMarkerRender.render(FreeMarkerRender.java:147)
	at com.jfinal.core.ActionHandler.handle(ActionHandler.java:97)
	at com.jfinal.core.JFinalFilter.doFilter(JFinalFilter.java:72)
	at org.eclipse.jetty.servlet.ServletHandler$CachedChain.doFilter(ServletHandler.java:1307)
	at org.eclipse.jetty.servlet.ServletHandler.doHandle(ServletHandler.java:453)
	at org.eclipse.jetty.server.handler.ScopedHandler.handle(ScopedHandler.java:137)
	at org.eclipse.jetty.security.SecurityHandler.handle(SecurityHandler.java:560)
	at org.eclipse.jetty.server.session.SessionHandler.doHandle(SessionHandler.java:231)
	at org.eclipse.jetty.server.handler.ContextHandler.doHandle(ContextHandler.java:1072)
	at org.eclipse.jetty.servlet.ServletHandler.doScope(ServletHandler.java:382)
	at org.eclipse.jetty.server.session.SessionHandler.doScope(SessionHandler.java:193)
	at org.eclipse.jetty.server.handler.ContextHandler.doScope(ContextHandler.java:1006)
	at org.eclipse.jetty.server.handler.ScopedHandler.handle(ScopedHandler.java:135)
	at org.eclipse.jetty.server.handler.HandlerWrapper.handle(HandlerWrapper.java:116)
	at org.eclipse.jetty.server.Server.handle(Server.java:365)
	at org.eclipse.jetty.server.AbstractHttpConnection.handleRequest(AbstractHttpConnection.java:485)
	at org.eclipse.jetty.server.AbstractHttpConnection.headerComplete(AbstractHttpConnection.java:926)
	at org.eclipse.jetty.server.AbstractHttpConnection$RequestHandler.headerComplete(AbstractHttpConnection.java:988)
	at org.eclipse.jetty.http.HttpParser.parseNext(HttpParser.java:635)
	at org.eclipse.jetty.http.HttpParser.parseAvailable(HttpParser.java:235)
	at org.eclipse.jetty.server.AsyncHttpConnection.handle(AsyncHttpConnection.java:82)
	at org.eclipse.jetty.io.nio.SelectChannelEndPoint.handle(SelectChannelEndPoint.java:628)
	at org.eclipse.jetty.io.nio.SelectChannelEndPoint$1.run(SelectChannelEndPoint.java:52)
	at org.eclipse.jetty.util.thread.QueuedThreadPool.runJob(QueuedThreadPool.java:608)
	at org.eclipse.jetty.util.thread.QueuedThreadPool$3.run(QueuedThreadPool.java:543)
	at java.lang.Thread.run(Thread.java:745)
Caused by: java.io.FileNotFoundException: Template "/yunmain/main.html" not found.
	at freemarker.template.Configuration.getTemplate(Configuration.java:742)
	at freemarker.template.Configuration.getTemplate(Configuration.java:665)
	at com.jfinal.render.FreeMarkerRender.render(FreeMarkerRender.java:143)
	... 25 more

2016-06-15 23:56:21
[ERROR]-[Thread: qtp395961058-17]-[com.jfinal.core.ActionHandler.handle()]: /yunmain
com.jfinal.render.RenderException: java.io.FileNotFoundException: Template "/yunmain/main.html" not found.
	at com.jfinal.render.FreeMarkerRender.render(FreeMarkerRender.java:147)
	at com.jfinal.core.ActionHandler.handle(ActionHandler.java:97)
	at com.jfinal.core.JFinalFilter.doFilter(JFinalFilter.java:72)
	at org.eclipse.jetty.servlet.ServletHandler$CachedChain.doFilter(ServletHandler.java:1307)
	at org.eclipse.jetty.servlet.ServletHandler.doHandle(ServletHandler.java:453)
	at org.eclipse.jetty.server.handler.ScopedHandler.handle(ScopedHandler.java:137)
	at org.eclipse.jetty.security.SecurityHandler.handle(SecurityHandler.java:560)
	at org.eclipse.jetty.server.session.SessionHandler.doHandle(SessionHandler.java:231)
	at org.eclipse.jetty.server.handler.ContextHandler.doHandle(ContextHandler.java:1072)
	at org.eclipse.jetty.servlet.ServletHandler.doScope(ServletHandler.java:382)
	at org.eclipse.jetty.server.session.SessionHandler.doScope(SessionHandler.java:193)
	at org.eclipse.jetty.server.handler.ContextHandler.doScope(ContextHandler.java:1006)
	at org.eclipse.jetty.server.handler.ScopedHandler.handle(ScopedHandler.java:135)
	at org.eclipse.jetty.server.handler.HandlerWrapper.handle(HandlerWrapper.java:116)
	at org.eclipse.jetty.server.Server.handle(Server.java:365)
	at org.eclipse.jetty.server.AbstractHttpConnection.handleRequest(AbstractHttpConnection.java:485)
	at org.eclipse.jetty.server.AbstractHttpConnection.headerComplete(AbstractHttpConnection.java:926)
	at org.eclipse.jetty.server.AbstractHttpConnection$RequestHandler.headerComplete(AbstractHttpConnection.java:988)
	at org.eclipse.jetty.http.HttpParser.parseNext(HttpParser.java:635)
	at org.eclipse.jetty.http.HttpParser.parseAvailable(HttpParser.java:235)
	at org.eclipse.jetty.server.AsyncHttpConnection.handle(AsyncHttpConnection.java:82)
	at org.eclipse.jetty.io.nio.SelectChannelEndPoint.handle(SelectChannelEndPoint.java:628)
	at org.eclipse.jetty.io.nio.SelectChannelEndPoint$1.run(SelectChannelEndPoint.java:52)
	at org.eclipse.jetty.util.thread.QueuedThreadPool.runJob(QueuedThreadPool.java:608)
	at org.eclipse.jetty.util.thread.QueuedThreadPool$3.run(QueuedThreadPool.java:543)
	at java.lang.Thread.run(Thread.java:745)
Caused by: java.io.FileNotFoundException: Template "/yunmain/main.html" not found.
	at freemarker.template.Configuration.getTemplate(Configuration.java:742)
	at freemarker.template.Configuration.getTemplate(Configuration.java:665)
	at com.jfinal.render.FreeMarkerRender.render(FreeMarkerRender.java:143)
	... 25 more

2016-06-15 23:56:29
[WARN]-[Thread: qtp395961058-22]-[com.jfinal.core.ActionHandler.handle()]: 404 Action Not Found: /BUSI2IOM/desktopAction/getSession

2016-06-16 00:11:30
[ERROR]-[Thread: main]-[com.jfinal.kit.LogKit.error()]: port: 8080 already in use!
java.lang.IllegalStateException: port: 8080 already in use!
	at com.jfinal.server.JettyServer.doStart(JettyServer.java:79)
	at com.jfinal.server.JettyServer.start(JettyServer.java:65)
	at com.jfinal.core.JFinal.start(JFinal.java:154)
	at com.ztesoft.terminal.config.WebConfig.main(WebConfig.java:107)

2016-06-16 00:11:58
[WARN]-[Thread: qtp395961058-21]-[com.jfinal.core.ActionHandler.handle()]: 404 Action Not Found: /BUSI2IOM/desktopAction/getSession

2016-06-16 00:12:06
[ERROR]-[Thread: qtp395961058-18]-[com.jfinal.core.ActionHandler.handle()]: /yunmain
com.jfinal.render.RenderException: java.io.FileNotFoundException: Template "/yunmain/main.html" not found.
	at com.jfinal.render.FreeMarkerRender.render(FreeMarkerRender.java:147)
	at com.jfinal.core.ActionHandler.handle(ActionHandler.java:97)
	at com.jfinal.core.JFinalFilter.doFilter(JFinalFilter.java:72)
	at org.eclipse.jetty.servlet.ServletHandler$CachedChain.doFilter(ServletHandler.java:1307)
	at org.eclipse.jetty.servlet.ServletHandler.doHandle(ServletHandler.java:453)
	at org.eclipse.jetty.server.handler.ScopedHandler.handle(ScopedHandler.java:137)
	at org.eclipse.jetty.security.SecurityHandler.handle(SecurityHandler.java:560)
	at org.eclipse.jetty.server.session.SessionHandler.doHandle(SessionHandler.java:231)
	at org.eclipse.jetty.server.handler.ContextHandler.doHandle(ContextHandler.java:1072)
	at org.eclipse.jetty.servlet.ServletHandler.doScope(ServletHandler.java:382)
	at org.eclipse.jetty.server.session.SessionHandler.doScope(SessionHandler.java:193)
	at org.eclipse.jetty.server.handler.ContextHandler.doScope(ContextHandler.java:1006)
	at org.eclipse.jetty.server.handler.ScopedHandler.handle(ScopedHandler.java:135)
	at org.eclipse.jetty.server.handler.HandlerWrapper.handle(HandlerWrapper.java:116)
	at org.eclipse.jetty.server.Server.handle(Server.java:365)
	at org.eclipse.jetty.server.AbstractHttpConnection.handleRequest(AbstractHttpConnection.java:485)
	at org.eclipse.jetty.server.AbstractHttpConnection.headerComplete(AbstractHttpConnection.java:926)
	at org.eclipse.jetty.server.AbstractHttpConnection$RequestHandler.headerComplete(AbstractHttpConnection.java:988)
	at org.eclipse.jetty.http.HttpParser.parseNext(HttpParser.java:635)
	at org.eclipse.jetty.http.HttpParser.parseAvailable(HttpParser.java:235)
	at org.eclipse.jetty.server.AsyncHttpConnection.handle(AsyncHttpConnection.java:82)
	at org.eclipse.jetty.io.nio.SelectChannelEndPoint.handle(SelectChannelEndPoint.java:628)
	at org.eclipse.jetty.io.nio.SelectChannelEndPoint$1.run(SelectChannelEndPoint.java:52)
	at org.eclipse.jetty.util.thread.QueuedThreadPool.runJob(QueuedThreadPool.java:608)
	at org.eclipse.jetty.util.thread.QueuedThreadPool$3.run(QueuedThreadPool.java:543)
	at java.lang.Thread.run(Thread.java:745)
Caused by: java.io.FileNotFoundException: Template "/yunmain/main.html" not found.
	at freemarker.template.Configuration.getTemplate(Configuration.java:742)
	at freemarker.template.Configuration.getTemplate(Configuration.java:665)
	at com.jfinal.render.FreeMarkerRender.render(FreeMarkerRender.java:143)
	... 25 more

2016-06-16 00:12:10
[ERROR]-[Thread: qtp395961058-18]-[com.jfinal.core.ActionHandler.handle()]: /yunmain
com.jfinal.render.RenderException: java.io.FileNotFoundException: Template "/yunmain/main.html" not found.
	at com.jfinal.render.FreeMarkerRender.render(FreeMarkerRender.java:147)
	at com.jfinal.core.ActionHandler.handle(ActionHandler.java:97)
	at com.jfinal.core.JFinalFilter.doFilter(JFinalFilter.java:72)
	at org.eclipse.jetty.servlet.ServletHandler$CachedChain.doFilter(ServletHandler.java:1307)
	at org.eclipse.jetty.servlet.ServletHandler.doHandle(ServletHandler.java:453)
	at org.eclipse.jetty.server.handler.ScopedHandler.handle(ScopedHandler.java:137)
	at org.eclipse.jetty.security.SecurityHandler.handle(SecurityHandler.java:560)
	at org.eclipse.jetty.server.session.SessionHandler.doHandle(SessionHandler.java:231)
	at org.eclipse.jetty.server.handler.ContextHandler.doHandle(ContextHandler.java:1072)
	at org.eclipse.jetty.servlet.ServletHandler.doScope(ServletHandler.java:382)
	at org.eclipse.jetty.server.session.SessionHandler.doScope(SessionHandler.java:193)
	at org.eclipse.jetty.server.handler.ContextHandler.doScope(ContextHandler.java:1006)
	at org.eclipse.jetty.server.handler.ScopedHandler.handle(ScopedHandler.java:135)
	at org.eclipse.jetty.server.handler.HandlerWrapper.handle(HandlerWrapper.java:116)
	at org.eclipse.jetty.server.Server.handle(Server.java:365)
	at org.eclipse.jetty.server.AbstractHttpConnection.handleRequest(AbstractHttpConnection.java:485)
	at org.eclipse.jetty.server.AbstractHttpConnection.headerComplete(AbstractHttpConnection.java:926)
	at org.eclipse.jetty.server.AbstractHttpConnection$RequestHandler.headerComplete(AbstractHttpConnection.java:988)
	at org.eclipse.jetty.http.HttpParser.parseNext(HttpParser.java:635)
	at org.eclipse.jetty.http.HttpParser.parseAvailable(HttpParser.java:235)
	at org.eclipse.jetty.server.AsyncHttpConnection.handle(AsyncHttpConnection.java:82)
	at org.eclipse.jetty.io.nio.SelectChannelEndPoint.handle(SelectChannelEndPoint.java:628)
	at org.eclipse.jetty.io.nio.SelectChannelEndPoint$1.run(SelectChannelEndPoint.java:52)
	at org.eclipse.jetty.util.thread.QueuedThreadPool.runJob(QueuedThreadPool.java:608)
	at org.eclipse.jetty.util.thread.QueuedThreadPool$3.run(QueuedThreadPool.java:543)
	at java.lang.Thread.run(Thread.java:745)
Caused by: java.io.FileNotFoundException: Template "/yunmain/main.html" not found.
	at freemarker.template.Configuration.getTemplate(Configuration.java:742)
	at freemarker.template.Configuration.getTemplate(Configuration.java:665)
	at com.jfinal.render.FreeMarkerRender.render(FreeMarkerRender.java:143)
	... 25 more

2016-06-16 09:57:44
[WARN]-[Thread: qtp1732538780-17]-[com.jfinal.core.ActionHandler.handle()]: 404 Action Not Found: /callRemoteFunction/exec

2016-06-16 10:17:23
[WARN]-[Thread: qtp1732538780-22]-[com.jfinal.core.ActionHandler.handle()]: 404 Action Not Found: /callRemoteFunction/exec

2016-06-16 10:17:23
[WARN]-[Thread: qtp1732538780-24]-[com.jfinal.core.ActionHandler.handle()]: 404 Action Not Found: /callRemoteFunction/exec

2016-06-16 10:17:31
[WARN]-[Thread: qtp1732538780-22]-[com.jfinal.core.ActionHandler.handle()]: 404 Action Not Found: /callRemoteFunction/exec

2016-06-16 10:18:37
[WARN]-[Thread: qtp1732538780-19]-[com.jfinal.core.ActionHandler.handle()]: 404 Action Not Found: /callRemoteFunction/exec

2016-06-16 10:18:37
[WARN]-[Thread: qtp1732538780-21]-[com.jfinal.core.ActionHandler.handle()]: 404 Action Not Found: /callRemoteFunction/exec

2016-06-16 10:21:37
[WARN]-[Thread: qtp1732538780-22]-[com.jfinal.core.ActionHandler.handle()]: 404 Action Not Found: /callRemoteFunction/exec

2016-06-16 10:21:37
[WARN]-[Thread: qtp1732538780-17]-[com.jfinal.core.ActionHandler.handle()]: 404 Action Not Found: /callRemoteFunction/exec

2016-06-16 10:24:37
[WARN]-[Thread: qtp1732538780-18]-[com.jfinal.core.ActionHandler.handle()]: 404 Action Not Found: /callRemoteFunction/exec

2016-06-16 10:24:37
[WARN]-[Thread: qtp1732538780-22]-[com.jfinal.core.ActionHandler.handle()]: 404 Action Not Found: /callRemoteFunction/exec

2016-06-16 10:27:37
[WARN]-[Thread: qtp1732538780-22]-[com.jfinal.core.ActionHandler.handle()]: 404 Action Not Found: /callRemoteFunction/exec

2016-06-16 10:27:37
[WARN]-[Thread: qtp1732538780-17]-[com.jfinal.core.ActionHandler.handle()]: 404 Action Not Found: /callRemoteFunction/exec

2016-06-16 10:30:38
[WARN]-[Thread: qtp1732538780-18]-[com.jfinal.core.ActionHandler.handle()]: 404 Action Not Found: /callRemoteFunction/exec

2016-06-16 10:30:38
[WARN]-[Thread: qtp1732538780-22]-[com.jfinal.core.ActionHandler.handle()]: 404 Action Not Found: /callRemoteFunction/exec

2016-06-16 10:33:38
[WARN]-[Thread: qtp1732538780-21]-[com.jfinal.core.ActionHandler.handle()]: 404 Action Not Found: /callRemoteFunction/exec

2016-06-16 10:33:38
[WARN]-[Thread: qtp1732538780-24]-[com.jfinal.core.ActionHandler.handle()]: 404 Action Not Found: /callRemoteFunction/exec

2016-06-16 10:36:38
[WARN]-[Thread: qtp1732538780-19]-[com.jfinal.core.ActionHandler.handle()]: 404 Action Not Found: /callRemoteFunction/exec

2016-06-16 10:36:38
[WARN]-[Thread: qtp1732538780-21]-[com.jfinal.core.ActionHandler.handle()]: 404 Action Not Found: /callRemoteFunction/exec

2016-06-16 15:40:31
[ERROR]-[Thread: qtp1732538780-27]-[com.jfinal.core.ActionHandler.handle()]: /TaskManagementView
com.jfinal.render.RenderException: java.io.FileNotFoundException: Template "/TaskManagementView/main.html" not found.
	at com.jfinal.render.FreeMarkerRender.render(FreeMarkerRender.java:147)
	at com.jfinal.core.ActionHandler.handle(ActionHandler.java:97)
	at com.jfinal.core.JFinalFilter.doFilter(JFinalFilter.java:72)
	at org.eclipse.jetty.servlet.ServletHandler$CachedChain.doFilter(ServletHandler.java:1307)
	at org.eclipse.jetty.servlet.ServletHandler.doHandle(ServletHandler.java:453)
	at org.eclipse.jetty.server.handler.ScopedHandler.handle(ScopedHandler.java:137)
	at org.eclipse.jetty.security.SecurityHandler.handle(SecurityHandler.java:560)
	at org.eclipse.jetty.server.session.SessionHandler.doHandle(SessionHandler.java:231)
	at org.eclipse.jetty.server.handler.ContextHandler.doHandle(ContextHandler.java:1072)
	at org.eclipse.jetty.servlet.ServletHandler.doScope(ServletHandler.java:382)
	at org.eclipse.jetty.server.session.SessionHandler.doScope(SessionHandler.java:193)
	at org.eclipse.jetty.server.handler.ContextHandler.doScope(ContextHandler.java:1006)
	at org.eclipse.jetty.server.handler.ScopedHandler.handle(ScopedHandler.java:135)
	at org.eclipse.jetty.server.handler.HandlerWrapper.handle(HandlerWrapper.java:116)
	at org.eclipse.jetty.server.Server.handle(Server.java:365)
	at org.eclipse.jetty.server.AbstractHttpConnection.handleRequest(AbstractHttpConnection.java:485)
	at org.eclipse.jetty.server.AbstractHttpConnection.headerComplete(AbstractHttpConnection.java:926)
	at org.eclipse.jetty.server.AbstractHttpConnection$RequestHandler.headerComplete(AbstractHttpConnection.java:988)
	at org.eclipse.jetty.http.HttpParser.parseNext(HttpParser.java:635)
	at org.eclipse.jetty.http.HttpParser.parseAvailable(HttpParser.java:235)
	at org.eclipse.jetty.server.AsyncHttpConnection.handle(AsyncHttpConnection.java:82)
	at org.eclipse.jetty.io.nio.SelectChannelEndPoint.handle(SelectChannelEndPoint.java:628)
	at org.eclipse.jetty.io.nio.SelectChannelEndPoint$1.run(SelectChannelEndPoint.java:52)
	at org.eclipse.jetty.util.thread.QueuedThreadPool.runJob(QueuedThreadPool.java:608)
	at org.eclipse.jetty.util.thread.QueuedThreadPool$3.run(QueuedThreadPool.java:543)
	at java.lang.Thread.run(Thread.java:745)
Caused by: java.io.FileNotFoundException: Template "/TaskManagementView/main.html" not found.
	at freemarker.template.Configuration.getTemplate(Configuration.java:742)
	at freemarker.template.Configuration.getTemplate(Configuration.java:665)
	at com.jfinal.render.FreeMarkerRender.render(FreeMarkerRender.java:143)
	... 25 more

2016-06-16 15:40:36
[ERROR]-[Thread: qtp1732538780-20]-[com.jfinal.core.ActionHandler.handle()]: /TaskManagementView
com.jfinal.render.RenderException: java.io.FileNotFoundException: Template "/TaskManagementView/main.html" not found.
	at com.jfinal.render.FreeMarkerRender.render(FreeMarkerRender.java:147)
	at com.jfinal.core.ActionHandler.handle(ActionHandler.java:97)
	at com.jfinal.core.JFinalFilter.doFilter(JFinalFilter.java:72)
	at org.eclipse.jetty.servlet.ServletHandler$CachedChain.doFilter(ServletHandler.java:1307)
	at org.eclipse.jetty.servlet.ServletHandler.doHandle(ServletHandler.java:453)
	at org.eclipse.jetty.server.handler.ScopedHandler.handle(ScopedHandler.java:137)
	at org.eclipse.jetty.security.SecurityHandler.handle(SecurityHandler.java:560)
	at org.eclipse.jetty.server.session.SessionHandler.doHandle(SessionHandler.java:231)
	at org.eclipse.jetty.server.handler.ContextHandler.doHandle(ContextHandler.java:1072)
	at org.eclipse.jetty.servlet.ServletHandler.doScope(ServletHandler.java:382)
	at org.eclipse.jetty.server.session.SessionHandler.doScope(SessionHandler.java:193)
	at org.eclipse.jetty.server.handler.ContextHandler.doScope(ContextHandler.java:1006)
	at org.eclipse.jetty.server.handler.ScopedHandler.handle(ScopedHandler.java:135)
	at org.eclipse.jetty.server.handler.HandlerWrapper.handle(HandlerWrapper.java:116)
	at org.eclipse.jetty.server.Server.handle(Server.java:365)
	at org.eclipse.jetty.server.AbstractHttpConnection.handleRequest(AbstractHttpConnection.java:485)
	at org.eclipse.jetty.server.AbstractHttpConnection.headerComplete(AbstractHttpConnection.java:926)
	at org.eclipse.jetty.server.AbstractHttpConnection$RequestHandler.headerComplete(AbstractHttpConnection.java:988)
	at org.eclipse.jetty.http.HttpParser.parseNext(HttpParser.java:635)
	at org.eclipse.jetty.http.HttpParser.parseAvailable(HttpParser.java:235)
	at org.eclipse.jetty.server.AsyncHttpConnection.handle(AsyncHttpConnection.java:82)
	at org.eclipse.jetty.io.nio.SelectChannelEndPoint.handle(SelectChannelEndPoint.java:628)
	at org.eclipse.jetty.io.nio.SelectChannelEndPoint$1.run(SelectChannelEndPoint.java:52)
	at org.eclipse.jetty.util.thread.QueuedThreadPool.runJob(QueuedThreadPool.java:608)
	at org.eclipse.jetty.util.thread.QueuedThreadPool$3.run(QueuedThreadPool.java:543)
	at java.lang.Thread.run(Thread.java:745)
Caused by: java.io.FileNotFoundException: Template "/TaskManagementView/main.html" not found.
	at freemarker.template.Configuration.getTemplate(Configuration.java:742)
	at freemarker.template.Configuration.getTemplate(Configuration.java:665)
	at com.jfinal.render.FreeMarkerRender.render(FreeMarkerRender.java:143)
	... 25 more

2016-06-16 15:41:09
[ERROR]-[Thread: qtp2133438474-19]-[com.jfinal.core.ActionHandler.handle()]: /TaskManagementView
com.jfinal.render.RenderException: java.io.FileNotFoundException: Template "/TaskManagementView/main.html" not found.
	at com.jfinal.render.FreeMarkerRender.render(FreeMarkerRender.java:147)
	at com.jfinal.core.ActionHandler.handle(ActionHandler.java:97)
	at com.jfinal.core.JFinalFilter.doFilter(JFinalFilter.java:72)
	at org.eclipse.jetty.servlet.ServletHandler$CachedChain.doFilter(ServletHandler.java:1307)
	at org.eclipse.jetty.servlet.ServletHandler.doHandle(ServletHandler.java:453)
	at org.eclipse.jetty.server.handler.ScopedHandler.handle(ScopedHandler.java:137)
	at org.eclipse.jetty.security.SecurityHandler.handle(SecurityHandler.java:560)
	at org.eclipse.jetty.server.session.SessionHandler.doHandle(SessionHandler.java:231)
	at org.eclipse.jetty.server.handler.ContextHandler.doHandle(ContextHandler.java:1072)
	at org.eclipse.jetty.servlet.ServletHandler.doScope(ServletHandler.java:382)
	at org.eclipse.jetty.server.session.SessionHandler.doScope(SessionHandler.java:193)
	at org.eclipse.jetty.server.handler.ContextHandler.doScope(ContextHandler.java:1006)
	at org.eclipse.jetty.server.handler.ScopedHandler.handle(ScopedHandler.java:135)
	at org.eclipse.jetty.server.handler.HandlerWrapper.handle(HandlerWrapper.java:116)
	at org.eclipse.jetty.server.Server.handle(Server.java:365)
	at org.eclipse.jetty.server.AbstractHttpConnection.handleRequest(AbstractHttpConnection.java:485)
	at org.eclipse.jetty.server.AbstractHttpConnection.headerComplete(AbstractHttpConnection.java:926)
	at org.eclipse.jetty.server.AbstractHttpConnection$RequestHandler.headerComplete(AbstractHttpConnection.java:988)
	at org.eclipse.jetty.http.HttpParser.parseNext(HttpParser.java:635)
	at org.eclipse.jetty.http.HttpParser.parseAvailable(HttpParser.java:235)
	at org.eclipse.jetty.server.AsyncHttpConnection.handle(AsyncHttpConnection.java:82)
	at org.eclipse.jetty.io.nio.SelectChannelEndPoint.handle(SelectChannelEndPoint.java:628)
	at org.eclipse.jetty.io.nio.SelectChannelEndPoint$1.run(SelectChannelEndPoint.java:52)
	at org.eclipse.jetty.util.thread.QueuedThreadPool.runJob(QueuedThreadPool.java:608)
	at org.eclipse.jetty.util.thread.QueuedThreadPool$3.run(QueuedThreadPool.java:543)
	at java.lang.Thread.run(Thread.java:745)
Caused by: java.io.FileNotFoundException: Template "/TaskManagementView/main.html" not found.
	at freemarker.template.Configuration.getTemplate(Configuration.java:742)
	at freemarker.template.Configuration.getTemplate(Configuration.java:665)
	at com.jfinal.render.FreeMarkerRender.render(FreeMarkerRender.java:143)
	... 25 more

2016-06-17 13:36:43
[ERROR]-[Thread: qtp2133438474-20]-[com.jfinal.core.ActionHandler.handle()]: /TaskManagementView
com.jfinal.render.RenderException: java.io.FileNotFoundException: Template "/TaskManagementView/main.html" not found.
	at com.jfinal.render.FreeMarkerRender.render(FreeMarkerRender.java:147)
	at com.jfinal.core.ActionHandler.handle(ActionHandler.java:97)
	at com.jfinal.core.JFinalFilter.doFilter(JFinalFilter.java:72)
	at org.eclipse.jetty.servlet.ServletHandler$CachedChain.doFilter(ServletHandler.java:1307)
	at org.eclipse.jetty.servlet.ServletHandler.doHandle(ServletHandler.java:453)
	at org.eclipse.jetty.server.handler.ScopedHandler.handle(ScopedHandler.java:137)
	at org.eclipse.jetty.security.SecurityHandler.handle(SecurityHandler.java:560)
	at org.eclipse.jetty.server.session.SessionHandler.doHandle(SessionHandler.java:231)
	at org.eclipse.jetty.server.handler.ContextHandler.doHandle(ContextHandler.java:1072)
	at org.eclipse.jetty.servlet.ServletHandler.doScope(ServletHandler.java:382)
	at org.eclipse.jetty.server.session.SessionHandler.doScope(SessionHandler.java:193)
	at org.eclipse.jetty.server.handler.ContextHandler.doScope(ContextHandler.java:1006)
	at org.eclipse.jetty.server.handler.ScopedHandler.handle(ScopedHandler.java:135)
	at org.eclipse.jetty.server.handler.HandlerWrapper.handle(HandlerWrapper.java:116)
	at org.eclipse.jetty.server.Server.handle(Server.java:365)
	at org.eclipse.jetty.server.AbstractHttpConnection.handleRequest(AbstractHttpConnection.java:485)
	at org.eclipse.jetty.server.AbstractHttpConnection.headerComplete(AbstractHttpConnection.java:926)
	at org.eclipse.jetty.server.AbstractHttpConnection$RequestHandler.headerComplete(AbstractHttpConnection.java:988)
	at org.eclipse.jetty.http.HttpParser.parseNext(HttpParser.java:635)
	at org.eclipse.jetty.http.HttpParser.parseAvailable(HttpParser.java:235)
	at org.eclipse.jetty.server.AsyncHttpConnection.handle(AsyncHttpConnection.java:82)
	at org.eclipse.jetty.io.nio.SelectChannelEndPoint.handle(SelectChannelEndPoint.java:628)
	at org.eclipse.jetty.io.nio.SelectChannelEndPoint$1.run(SelectChannelEndPoint.java:52)
	at org.eclipse.jetty.util.thread.QueuedThreadPool.runJob(QueuedThreadPool.java:608)
	at org.eclipse.jetty.util.thread.QueuedThreadPool$3.run(QueuedThreadPool.java:543)
	at java.lang.Thread.run(Thread.java:745)
Caused by: java.io.FileNotFoundException: Template "/TaskManagementView/main.html" not found.
	at freemarker.template.Configuration.getTemplate(Configuration.java:742)
	at freemarker.template.Configuration.getTemplate(Configuration.java:665)
	at com.jfinal.render.FreeMarkerRender.render(FreeMarkerRender.java:143)
	... 25 more

2016-06-17 13:37:23
[ERROR]-[Thread: qtp2133438474-18]-[com.jfinal.core.ActionHandler.handle()]: /TaskManagementView
com.jfinal.render.RenderException: java.io.FileNotFoundException: Template "/TaskManagementView/main.html" not found.
	at com.jfinal.render.FreeMarkerRender.render(FreeMarkerRender.java:147)
	at com.jfinal.core.ActionHandler.handle(ActionHandler.java:97)
	at com.jfinal.core.JFinalFilter.doFilter(JFinalFilter.java:72)
	at org.eclipse.jetty.servlet.ServletHandler$CachedChain.doFilter(ServletHandler.java:1307)
	at org.eclipse.jetty.servlet.ServletHandler.doHandle(ServletHandler.java:453)
	at org.eclipse.jetty.server.handler.ScopedHandler.handle(ScopedHandler.java:137)
	at org.eclipse.jetty.security.SecurityHandler.handle(SecurityHandler.java:560)
	at org.eclipse.jetty.server.session.SessionHandler.doHandle(SessionHandler.java:231)
	at org.eclipse.jetty.server.handler.ContextHandler.doHandle(ContextHandler.java:1072)
	at org.eclipse.jetty.servlet.ServletHandler.doScope(ServletHandler.java:382)
	at org.eclipse.jetty.server.session.SessionHandler.doScope(SessionHandler.java:193)
	at org.eclipse.jetty.server.handler.ContextHandler.doScope(ContextHandler.java:1006)
	at org.eclipse.jetty.server.handler.ScopedHandler.handle(ScopedHandler.java:135)
	at org.eclipse.jetty.server.handler.HandlerWrapper.handle(HandlerWrapper.java:116)
	at org.eclipse.jetty.server.Server.handle(Server.java:365)
	at org.eclipse.jetty.server.AbstractHttpConnection.handleRequest(AbstractHttpConnection.java:485)
	at org.eclipse.jetty.server.AbstractHttpConnection.headerComplete(AbstractHttpConnection.java:926)
	at org.eclipse.jetty.server.AbstractHttpConnection$RequestHandler.headerComplete(AbstractHttpConnection.java:988)
	at org.eclipse.jetty.http.HttpParser.parseNext(HttpParser.java:635)
	at org.eclipse.jetty.http.HttpParser.parseAvailable(HttpParser.java:235)
	at org.eclipse.jetty.server.AsyncHttpConnection.handle(AsyncHttpConnection.java:82)
	at org.eclipse.jetty.io.nio.SelectChannelEndPoint.handle(SelectChannelEndPoint.java:628)
	at org.eclipse.jetty.io.nio.SelectChannelEndPoint$1.run(SelectChannelEndPoint.java:52)
	at org.eclipse.jetty.util.thread.QueuedThreadPool.runJob(QueuedThreadPool.java:608)
	at org.eclipse.jetty.util.thread.QueuedThreadPool$3.run(QueuedThreadPool.java:543)
	at java.lang.Thread.run(Thread.java:745)
Caused by: java.io.FileNotFoundException: Template "/TaskManagementView/main.html" not found.
	at freemarker.template.Configuration.getTemplate(Configuration.java:742)
	at freemarker.template.Configuration.getTemplate(Configuration.java:665)
	at com.jfinal.render.FreeMarkerRender.render(FreeMarkerRender.java:143)
	... 25 more

2016-06-17 13:40:56
[ERROR]-[Thread: qtp1048505787-22]-[com.jfinal.core.ActionHandler.handle()]: /
com.jfinal.render.RenderException: org.apache.jasper.JasperException: PWC6033: Error in Javac compilation for JSP

PWC6197: An error occurred at line: 121 in the jsp file: /common/bs_fish_h.jsp
PWC6199: Generated servlet error:
程序包com.ztesoft.cloud.utils.helper.json不存在

PWC6197: An error occurred at line: 122 in the jsp file: /common/bs_fish_h.jsp
PWC6199: Generated servlet error:
程序包com.ztesoft.cloud.utils.helper.json不存在

PWC6197: An error occurred at line: 123 in the jsp file: /common/bs_fish_h.jsp
PWC6199: Generated servlet error:
程序包com.ztesoft.cloud.utils.helper.json不存在

PWC6197: An error occurred at line: 124 in the jsp file: /common/bs_fish_h.jsp
PWC6199: Generated servlet error:
程序包com.ztesoft.cloud.utils.helper.json不存在


	at com.jfinal.render.JspRender.render(JspRender.java:69)
	at com.jfinal.core.ActionHandler.handle(ActionHandler.java:97)
	at com.jfinal.core.JFinalFilter.doFilter(JFinalFilter.java:72)
	at org.eclipse.jetty.servlet.ServletHandler$CachedChain.doFilter(ServletHandler.java:1307)
	at org.eclipse.jetty.servlet.ServletHandler.doHandle(ServletHandler.java:453)
	at org.eclipse.jetty.server.handler.ScopedHandler.handle(ScopedHandler.java:137)
	at org.eclipse.jetty.security.SecurityHandler.handle(SecurityHandler.java:560)
	at org.eclipse.jetty.server.session.SessionHandler.doHandle(SessionHandler.java:231)
	at org.eclipse.jetty.server.handler.ContextHandler.doHandle(ContextHandler.java:1072)
	at org.eclipse.jetty.servlet.ServletHandler.doScope(ServletHandler.java:382)
	at org.eclipse.jetty.server.session.SessionHandler.doScope(SessionHandler.java:193)
	at org.eclipse.jetty.server.handler.ContextHandler.doScope(ContextHandler.java:1006)
	at org.eclipse.jetty.server.handler.ScopedHandler.handle(ScopedHandler.java:135)
	at org.eclipse.jetty.server.handler.HandlerWrapper.handle(HandlerWrapper.java:116)
	at org.eclipse.jetty.server.Server.handle(Server.java:365)
	at org.eclipse.jetty.server.AbstractHttpConnection.handleRequest(AbstractHttpConnection.java:485)
	at org.eclipse.jetty.server.AbstractHttpConnection.headerComplete(AbstractHttpConnection.java:926)
	at org.eclipse.jetty.server.AbstractHttpConnection$RequestHandler.headerComplete(AbstractHttpConnection.java:988)
	at org.eclipse.jetty.http.HttpParser.parseNext(HttpParser.java:635)
	at org.eclipse.jetty.http.HttpParser.parseAvailable(HttpParser.java:235)
	at org.eclipse.jetty.server.AsyncHttpConnection.handle(AsyncHttpConnection.java:82)
	at org.eclipse.jetty.io.nio.SelectChannelEndPoint.handle(SelectChannelEndPoint.java:628)
	at org.eclipse.jetty.io.nio.SelectChannelEndPoint$1.run(SelectChannelEndPoint.java:52)
	at org.eclipse.jetty.util.thread.QueuedThreadPool.runJob(QueuedThreadPool.java:608)
	at org.eclipse.jetty.util.thread.QueuedThreadPool$3.run(QueuedThreadPool.java:543)
	at java.lang.Thread.run(Thread.java:745)
Caused by: org.apache.jasper.JasperException: PWC6033: Error in Javac compilation for JSP

PWC6197: An error occurred at line: 121 in the jsp file: /common/bs_fish_h.jsp
PWC6199: Generated servlet error:
程序包com.ztesoft.cloud.utils.helper.json不存在

PWC6197: An error occurred at line: 122 in the jsp file: /common/bs_fish_h.jsp
PWC6199: Generated servlet error:
程序包com.ztesoft.cloud.utils.helper.json不存在

PWC6197: An error occurred at line: 123 in the jsp file: /common/bs_fish_h.jsp
PWC6199: Generated servlet error:
程序包com.ztesoft.cloud.utils.helper.json不存在

PWC6197: An error occurred at line: 124 in the jsp file: /common/bs_fish_h.jsp
PWC6199: Generated servlet error:
程序包com.ztesoft.cloud.utils.helper.json不存在


	at org.apache.jasper.compiler.DefaultErrorHandler.javacError(DefaultErrorHandler.java:129)
	at org.apache.jasper.compiler.ErrorDispatcher.javacError(ErrorDispatcher.java:299)
	at org.apache.jasper.compiler.Compiler.generateClass(Compiler.java:392)
	at org.apache.jasper.compiler.Compiler.compile(Compiler.java:453)
	at org.apache.jasper.JspCompilationContext.compile(JspCompilationContext.java:625)
	at org.apache.jasper.servlet.JspServletWrapper.service(JspServletWrapper.java:374)
	at org.apache.jasper.servlet.JspServlet.serviceJspFile(JspServlet.java:492)
	at org.apache.jasper.servlet.JspServlet.service(JspServlet.java:378)
	at javax.servlet.http.HttpServlet.service(HttpServlet.java:848)
	at org.eclipse.jetty.servlet.ServletHolder.handle(ServletHolder.java:669)
	at org.eclipse.jetty.servlet.ServletHandler.doHandle(ServletHandler.java:455)
	at org.eclipse.jetty.server.handler.ScopedHandler.handle(ScopedHandler.java:137)
	at org.eclipse.jetty.security.SecurityHandler.handle(SecurityHandler.java:578)
	at org.eclipse.jetty.server.session.SessionHandler.doHandle(SessionHandler.java:231)
	at org.eclipse.jetty.server.handler.ContextHandler.doHandle(ContextHandler.java:1072)
	at org.eclipse.jetty.servlet.ServletHandler.doScope(ServletHandler.java:382)
	at org.eclipse.jetty.server.session.SessionHandler.doScope(SessionHandler.java:193)
	at org.eclipse.jetty.server.handler.ContextHandler.doScope(ContextHandler.java:1006)
	at org.eclipse.jetty.server.handler.ScopedHandler.handle(ScopedHandler.java:135)
	at org.eclipse.jetty.server.Dispatcher.include(Dispatcher.java:183)
	at org.apache.jasper.runtime.JspRuntimeLibrary.include(JspRuntimeLibrary.java:1015)
	at org.apache.jsp.main_jsp._jspService(main_jsp.java:52)
	at org.apache.jasper.runtime.HttpJspBase.service(HttpJspBase.java:111)
	at javax.servlet.http.HttpServlet.service(HttpServlet.java:848)
	at org.apache.jasper.servlet.JspServletWrapper.service(JspServletWrapper.java:403)
	at org.apache.jasper.servlet.JspServlet.serviceJspFile(JspServlet.java:492)
	at org.apache.jasper.servlet.JspServlet.service(JspServlet.java:378)
	at javax.servlet.http.HttpServlet.service(HttpServlet.java:848)
	at org.eclipse.jetty.servlet.ServletHolder.handle(ServletHolder.java:669)
	at org.eclipse.jetty.servlet.ServletHandler.doHandle(ServletHandler.java:455)
	at org.eclipse.jetty.server.handler.ScopedHandler.handle(ScopedHandler.java:137)
	at org.eclipse.jetty.security.SecurityHandler.handle(SecurityHandler.java:578)
	at org.eclipse.jetty.server.session.SessionHandler.doHandle(SessionHandler.java:231)
	at org.eclipse.jetty.server.handler.ContextHandler.doHandle(ContextHandler.java:1072)
	at org.eclipse.jetty.servlet.ServletHandler.doScope(ServletHandler.java:382)
	at org.eclipse.jetty.server.session.SessionHandler.doScope(SessionHandler.java:193)
	at org.eclipse.jetty.server.handler.ContextHandler.doScope(ContextHandler.java:1006)
	at org.eclipse.jetty.server.handler.ScopedHandler.handle(ScopedHandler.java:135)
	at org.eclipse.jetty.server.Dispatcher.forward(Dispatcher.java:276)
	at org.eclipse.jetty.server.Dispatcher.forward(Dispatcher.java:103)
	at com.jfinal.render.JspRender.render(JspRender.java:67)
	... 25 more

2016-06-17 13:41:06
[ERROR]-[Thread: qtp1048505787-17]-[com.jfinal.core.ActionHandler.handle()]: /
com.jfinal.render.RenderException: org.apache.jasper.JasperException: PWC6033: Error in Javac compilation for JSP

PWC6197: An error occurred at line: 121 in the jsp file: /common/bs_fish_h.jsp
PWC6199: Generated servlet error:
程序包com.ztesoft.cloud.utils.helper.json不存在

PWC6197: An error occurred at line: 122 in the jsp file: /common/bs_fish_h.jsp
PWC6199: Generated servlet error:
程序包com.ztesoft.cloud.utils.helper.json不存在

PWC6197: An error occurred at line: 123 in the jsp file: /common/bs_fish_h.jsp
PWC6199: Generated servlet error:
程序包com.ztesoft.cloud.utils.helper.json不存在

PWC6197: An error occurred at line: 124 in the jsp file: /common/bs_fish_h.jsp
PWC6199: Generated servlet error:
程序包com.ztesoft.cloud.utils.helper.json不存在


	at com.jfinal.render.JspRender.render(JspRender.java:69)
	at com.jfinal.core.ActionHandler.handle(ActionHandler.java:97)
	at com.jfinal.core.JFinalFilter.doFilter(JFinalFilter.java:72)
	at org.eclipse.jetty.servlet.ServletHandler$CachedChain.doFilter(ServletHandler.java:1307)
	at org.eclipse.jetty.servlet.ServletHandler.doHandle(ServletHandler.java:453)
	at org.eclipse.jetty.server.handler.ScopedHandler.handle(ScopedHandler.java:137)
	at org.eclipse.jetty.security.SecurityHandler.handle(SecurityHandler.java:560)
	at org.eclipse.jetty.server.session.SessionHandler.doHandle(SessionHandler.java:231)
	at org.eclipse.jetty.server.handler.ContextHandler.doHandle(ContextHandler.java:1072)
	at org.eclipse.jetty.servlet.ServletHandler.doScope(ServletHandler.java:382)
	at org.eclipse.jetty.server.session.SessionHandler.doScope(SessionHandler.java:193)
	at org.eclipse.jetty.server.handler.ContextHandler.doScope(ContextHandler.java:1006)
	at org.eclipse.jetty.server.handler.ScopedHandler.handle(ScopedHandler.java:135)
	at org.eclipse.jetty.server.handler.HandlerWrapper.handle(HandlerWrapper.java:116)
	at org.eclipse.jetty.server.Server.handle(Server.java:365)
	at org.eclipse.jetty.server.AbstractHttpConnection.handleRequest(AbstractHttpConnection.java:485)
	at org.eclipse.jetty.server.AbstractHttpConnection.headerComplete(AbstractHttpConnection.java:926)
	at org.eclipse.jetty.server.AbstractHttpConnection$RequestHandler.headerComplete(AbstractHttpConnection.java:988)
	at org.eclipse.jetty.http.HttpParser.parseNext(HttpParser.java:635)
	at org.eclipse.jetty.http.HttpParser.parseAvailable(HttpParser.java:235)
	at org.eclipse.jetty.server.AsyncHttpConnection.handle(AsyncHttpConnection.java:82)
	at org.eclipse.jetty.io.nio.SelectChannelEndPoint.handle(SelectChannelEndPoint.java:628)
	at org.eclipse.jetty.io.nio.SelectChannelEndPoint$1.run(SelectChannelEndPoint.java:52)
	at org.eclipse.jetty.util.thread.QueuedThreadPool.runJob(QueuedThreadPool.java:608)
	at org.eclipse.jetty.util.thread.QueuedThreadPool$3.run(QueuedThreadPool.java:543)
	at java.lang.Thread.run(Thread.java:745)
Caused by: org.apache.jasper.JasperException: PWC6033: Error in Javac compilation for JSP

PWC6197: An error occurred at line: 121 in the jsp file: /common/bs_fish_h.jsp
PWC6199: Generated servlet error:
程序包com.ztesoft.cloud.utils.helper.json不存在

PWC6197: An error occurred at line: 122 in the jsp file: /common/bs_fish_h.jsp
PWC6199: Generated servlet error:
程序包com.ztesoft.cloud.utils.helper.json不存在

PWC6197: An error occurred at line: 123 in the jsp file: /common/bs_fish_h.jsp
PWC6199: Generated servlet error:
程序包com.ztesoft.cloud.utils.helper.json不存在

PWC6197: An error occurred at line: 124 in the jsp file: /common/bs_fish_h.jsp
PWC6199: Generated servlet error:
程序包com.ztesoft.cloud.utils.helper.json不存在


	at org.apache.jasper.compiler.DefaultErrorHandler.javacError(DefaultErrorHandler.java:129)
	at org.apache.jasper.compiler.ErrorDispatcher.javacError(ErrorDispatcher.java:299)
	at org.apache.jasper.compiler.Compiler.generateClass(Compiler.java:392)
	at org.apache.jasper.compiler.Compiler.compile(Compiler.java:453)
	at org.apache.jasper.JspCompilationContext.compile(JspCompilationContext.java:625)
	at org.apache.jasper.servlet.JspServletWrapper.service(JspServletWrapper.java:374)
	at org.apache.jasper.servlet.JspServlet.serviceJspFile(JspServlet.java:492)
	at org.apache.jasper.servlet.JspServlet.service(JspServlet.java:378)
	at javax.servlet.http.HttpServlet.service(HttpServlet.java:848)
	at org.eclipse.jetty.servlet.ServletHolder.handle(ServletHolder.java:669)
	at org.eclipse.jetty.servlet.ServletHandler.doHandle(ServletHandler.java:455)
	at org.eclipse.jetty.server.handler.ScopedHandler.handle(ScopedHandler.java:137)
	at org.eclipse.jetty.security.SecurityHandler.handle(SecurityHandler.java:578)
	at org.eclipse.jetty.server.session.SessionHandler.doHandle(SessionHandler.java:231)
	at org.eclipse.jetty.server.handler.ContextHandler.doHandle(ContextHandler.java:1072)
	at org.eclipse.jetty.servlet.ServletHandler.doScope(ServletHandler.java:382)
	at org.eclipse.jetty.server.session.SessionHandler.doScope(SessionHandler.java:193)
	at org.eclipse.jetty.server.handler.ContextHandler.doScope(ContextHandler.java:1006)
	at org.eclipse.jetty.server.handler.ScopedHandler.handle(ScopedHandler.java:135)
	at org.eclipse.jetty.server.Dispatcher.include(Dispatcher.java:183)
	at org.apache.jasper.runtime.JspRuntimeLibrary.include(JspRuntimeLibrary.java:1015)
	at org.apache.jsp.main_jsp._jspService(main_jsp.java:52)
	at org.apache.jasper.runtime.HttpJspBase.service(HttpJspBase.java:111)
	at javax.servlet.http.HttpServlet.service(HttpServlet.java:848)
	at org.apache.jasper.servlet.JspServletWrapper.service(JspServletWrapper.java:403)
	at org.apache.jasper.servlet.JspServlet.serviceJspFile(JspServlet.java:492)
	at org.apache.jasper.servlet.JspServlet.service(JspServlet.java:378)
	at javax.servlet.http.HttpServlet.service(HttpServlet.java:848)
	at org.eclipse.jetty.servlet.ServletHolder.handle(ServletHolder.java:669)
	at org.eclipse.jetty.servlet.ServletHandler.doHandle(ServletHandler.java:455)
	at org.eclipse.jetty.server.handler.ScopedHandler.handle(ScopedHandler.java:137)
	at org.eclipse.jetty.security.SecurityHandler.handle(SecurityHandler.java:578)
	at org.eclipse.jetty.server.session.SessionHandler.doHandle(SessionHandler.java:231)
	at org.eclipse.jetty.server.handler.ContextHandler.doHandle(ContextHandler.java:1072)
	at org.eclipse.jetty.servlet.ServletHandler.doScope(ServletHandler.java:382)
	at org.eclipse.jetty.server.session.SessionHandler.doScope(SessionHandler.java:193)
	at org.eclipse.jetty.server.handler.ContextHandler.doScope(ContextHandler.java:1006)
	at org.eclipse.jetty.server.handler.ScopedHandler.handle(ScopedHandler.java:135)
	at org.eclipse.jetty.server.Dispatcher.forward(Dispatcher.java:276)
	at org.eclipse.jetty.server.Dispatcher.forward(Dispatcher.java:103)
	at com.jfinal.render.JspRender.render(JspRender.java:67)
	... 25 more

2016-06-17 13:52:46
[ERROR]-[Thread: qtp1632405315-21]-[com.jfinal.core.ActionHandler.handle()]: /TaskManagementView
com.jfinal.render.RenderException: java.io.FileNotFoundException: Template "/TaskManagementView/main.html" not found.
	at com.jfinal.render.FreeMarkerRender.render(FreeMarkerRender.java:147)
	at com.jfinal.core.ActionHandler.handle(ActionHandler.java:97)
	at com.jfinal.core.JFinalFilter.doFilter(JFinalFilter.java:72)
	at org.eclipse.jetty.servlet.ServletHandler$CachedChain.doFilter(ServletHandler.java:1307)
	at org.eclipse.jetty.servlet.ServletHandler.doHandle(ServletHandler.java:453)
	at org.eclipse.jetty.server.handler.ScopedHandler.handle(ScopedHandler.java:137)
	at org.eclipse.jetty.security.SecurityHandler.handle(SecurityHandler.java:560)
	at org.eclipse.jetty.server.session.SessionHandler.doHandle(SessionHandler.java:231)
	at org.eclipse.jetty.server.handler.ContextHandler.doHandle(ContextHandler.java:1072)
	at org.eclipse.jetty.servlet.ServletHandler.doScope(ServletHandler.java:382)
	at org.eclipse.jetty.server.session.SessionHandler.doScope(SessionHandler.java:193)
	at org.eclipse.jetty.server.handler.ContextHandler.doScope(ContextHandler.java:1006)
	at org.eclipse.jetty.server.handler.ScopedHandler.handle(ScopedHandler.java:135)
	at org.eclipse.jetty.server.handler.HandlerWrapper.handle(HandlerWrapper.java:116)
	at org.eclipse.jetty.server.Server.handle(Server.java:365)
	at org.eclipse.jetty.server.AbstractHttpConnection.handleRequest(AbstractHttpConnection.java:485)
	at org.eclipse.jetty.server.AbstractHttpConnection.headerComplete(AbstractHttpConnection.java:926)
	at org.eclipse.jetty.server.AbstractHttpConnection$RequestHandler.headerComplete(AbstractHttpConnection.java:988)
	at org.eclipse.jetty.http.HttpParser.parseNext(HttpParser.java:635)
	at org.eclipse.jetty.http.HttpParser.parseAvailable(HttpParser.java:235)
	at org.eclipse.jetty.server.AsyncHttpConnection.handle(AsyncHttpConnection.java:82)
	at org.eclipse.jetty.io.nio.SelectChannelEndPoint.handle(SelectChannelEndPoint.java:628)
	at org.eclipse.jetty.io.nio.SelectChannelEndPoint$1.run(SelectChannelEndPoint.java:52)
	at org.eclipse.jetty.util.thread.QueuedThreadPool.runJob(QueuedThreadPool.java:608)
	at org.eclipse.jetty.util.thread.QueuedThreadPool$3.run(QueuedThreadPool.java:543)
	at java.lang.Thread.run(Thread.java:745)
Caused by: java.io.FileNotFoundException: Template "/TaskManagementView/main.html" not found.
	at freemarker.template.Configuration.getTemplate(Configuration.java:742)
	at freemarker.template.Configuration.getTemplate(Configuration.java:665)
	at com.jfinal.render.FreeMarkerRender.render(FreeMarkerRender.java:143)
	... 25 more

2016-06-17 14:12:56
[WARN]-[Thread: qtp1732538780-20]-[com.jfinal.core.ActionHandler.handle()]: 404 Action Not Found: /callRemoteFunction/exec

2016-06-17 14:14:00
[WARN]-[Thread: qtp1732538780-19]-[com.jfinal.core.ActionHandler.handle()]: 404 Action Not Found: /callRemoteFunction/exec

2016-06-17 14:14:00
[WARN]-[Thread: qtp1732538780-15]-[com.jfinal.core.ActionHandler.handle()]: 404 Action Not Found: /callRemoteFunction/exec

2016-06-17 14:15:20
[WARN]-[Thread: qtp1732538780-19]-[com.jfinal.core.ActionHandler.handle()]: 404 Action Not Found: /callRemoteFunction/exec

2016-06-17 14:15:25
[WARN]-[Thread: qtp1732538780-19]-[com.jfinal.core.ActionHandler.handle()]: 404 Action Not Found: /callRemoteFunction/exec

2016-06-17 14:15:25
[WARN]-[Thread: qtp1732538780-20]-[com.jfinal.core.ActionHandler.handle()]: 404 Action Not Found: /callRemoteFunction/exec

2016-06-17 14:18:25
[WARN]-[Thread: qtp1732538780-19]-[com.jfinal.core.ActionHandler.handle()]: 404 Action Not Found: /callRemoteFunction/exec

2016-06-17 14:18:25
[WARN]-[Thread: qtp1732538780-18]-[com.jfinal.core.ActionHandler.handle()]: 404 Action Not Found: /callRemoteFunction/exec

2016-06-17 14:21:25
[WARN]-[Thread: qtp1732538780-23]-[com.jfinal.core.ActionHandler.handle()]: 404 Action Not Found: /callRemoteFunction/exec

2016-06-17 14:21:25
[WARN]-[Thread: qtp1732538780-22]-[com.jfinal.core.ActionHandler.handle()]: 404 Action Not Found: /callRemoteFunction/exec

2016-06-17 14:24:25
[WARN]-[Thread: qtp1732538780-21]-[com.jfinal.core.ActionHandler.handle()]: 404 Action Not Found: /callRemoteFunction/exec

2016-06-17 14:24:25
[WARN]-[Thread: qtp1732538780-20]-[com.jfinal.core.ActionHandler.handle()]: 404 Action Not Found: /callRemoteFunction/exec

2016-06-17 14:27:25
[WARN]-[Thread: qtp1732538780-21]-[com.jfinal.core.ActionHandler.handle()]: 404 Action Not Found: /callRemoteFunction/exec

2016-06-17 14:27:25
[WARN]-[Thread: qtp1732538780-20]-[com.jfinal.core.ActionHandler.handle()]: 404 Action Not Found: /callRemoteFunction/exec

2016-06-17 14:30:25
[WARN]-[Thread: qtp1732538780-20]-[com.jfinal.core.ActionHandler.handle()]: 404 Action Not Found: /callRemoteFunction/exec

2016-06-17 14:30:25
[WARN]-[Thread: qtp1732538780-23]-[com.jfinal.core.ActionHandler.handle()]: 404 Action Not Found: /callRemoteFunction/exec

2016-06-17 14:33:26
[WARN]-[Thread: qtp1732538780-20]-[com.jfinal.core.ActionHandler.handle()]: 404 Action Not Found: /callRemoteFunction/exec

2016-06-17 14:33:26
[WARN]-[Thread: qtp1732538780-22]-[com.jfinal.core.ActionHandler.handle()]: 404 Action Not Found: /callRemoteFunction/exec

2016-06-17 14:36:26
[WARN]-[Thread: qtp1732538780-19]-[com.jfinal.core.ActionHandler.handle()]: 404 Action Not Found: /callRemoteFunction/exec

2016-06-17 14:36:26
[WARN]-[Thread: qtp1732538780-21]-[com.jfinal.core.ActionHandler.handle()]: 404 Action Not Found: /callRemoteFunction/exec

2016-06-17 14:39:14
[WARN]-[Thread: qtp1732538780-28]-[com.jfinal.core.ActionHandler.handle()]: 404 Action Not Found: /callRemoteFunction/exec

2016-06-17 15:09:41
[WARN]-[Thread: qtp1732538780-27]-[com.jfinal.core.ActionHandler.handle()]: 404 Action Not Found: /callRemoteFunction/exec

2016-06-17 15:09:41
[WARN]-[Thread: qtp1732538780-23]-[com.jfinal.core.ActionHandler.handle()]: 404 Action Not Found: /callRemoteFunction/exec

2016-06-17 15:09:44
[WARN]-[Thread: qtp1732538780-22]-[com.jfinal.core.ActionHandler.handle()]: 404 Action Not Found: /callRemoteFunction/exec

2016-06-17 15:09:49
[WARN]-[Thread: qtp1732538780-18]-[com.jfinal.core.ActionHandler.handle()]: 404 Action Not Found: /callRemoteFunction/exec

2016-06-17 15:09:49
[WARN]-[Thread: qtp1732538780-30]-[com.jfinal.core.ActionHandler.handle()]: 404 Action Not Found: /callRemoteFunction/exec

2016-06-17 15:12:41
[WARN]-[Thread: qtp1732538780-21]-[com.jfinal.core.ActionHandler.handle()]: 404 Action Not Found: /callRemoteFunction/exec

2016-06-17 15:12:41
[WARN]-[Thread: qtp1732538780-31]-[com.jfinal.core.ActionHandler.handle()]: 404 Action Not Found: /callRemoteFunction/exec

2016-06-17 15:15:41
[WARN]-[Thread: qtp1732538780-30]-[com.jfinal.core.ActionHandler.handle()]: 404 Action Not Found: /callRemoteFunction/exec

2016-06-17 15:15:41
[WARN]-[Thread: qtp1732538780-21]-[com.jfinal.core.ActionHandler.handle()]: 404 Action Not Found: /callRemoteFunction/exec

2016-06-17 15:18:41
[WARN]-[Thread: qtp1732538780-23]-[com.jfinal.core.ActionHandler.handle()]: 404 Action Not Found: /callRemoteFunction/exec

2016-06-17 15:18:41
[WARN]-[Thread: qtp1732538780-27]-[com.jfinal.core.ActionHandler.handle()]: 404 Action Not Found: /callRemoteFunction/exec

2016-06-17 15:21:41
[WARN]-[Thread: qtp1732538780-23]-[com.jfinal.core.ActionHandler.handle()]: 404 Action Not Found: /callRemoteFunction/exec

2016-06-17 15:21:41
[WARN]-[Thread: qtp1732538780-27]-[com.jfinal.core.ActionHandler.handle()]: 404 Action Not Found: /callRemoteFunction/exec

2016-06-17 15:24:41
[WARN]-[Thread: qtp1732538780-31]-[com.jfinal.core.ActionHandler.handle()]: 404 Action Not Found: /callRemoteFunction/exec

2016-06-17 15:24:42
[WARN]-[Thread: qtp1732538780-23]-[com.jfinal.core.ActionHandler.handle()]: 404 Action Not Found: /callRemoteFunction/exec

2016-06-17 15:27:42
[WARN]-[Thread: qtp1732538780-27]-[com.jfinal.core.ActionHandler.handle()]: 404 Action Not Found: /callRemoteFunction/exec

2016-06-17 15:27:42
[WARN]-[Thread: qtp1732538780-23]-[com.jfinal.core.ActionHandler.handle()]: 404 Action Not Found: /callRemoteFunction/exec

2016-06-17 15:30:42
[WARN]-[Thread: qtp1732538780-23]-[com.jfinal.core.ActionHandler.handle()]: 404 Action Not Found: /callRemoteFunction/exec

2016-06-17 15:30:42
[WARN]-[Thread: qtp1732538780-18]-[com.jfinal.core.ActionHandler.handle()]: 404 Action Not Found: /callRemoteFunction/exec

2016-06-17 15:33:42
[WARN]-[Thread: qtp1732538780-23]-[com.jfinal.core.ActionHandler.handle()]: 404 Action Not Found: /callRemoteFunction/exec

2016-06-17 15:33:42
[WARN]-[Thread: qtp1732538780-18]-[com.jfinal.core.ActionHandler.handle()]: 404 Action Not Found: /callRemoteFunction/exec

2016-06-17 15:36:42
[WARN]-[Thread: qtp1732538780-27]-[com.jfinal.core.ActionHandler.handle()]: 404 Action Not Found: /callRemoteFunction/exec

2016-06-17 15:36:42
[WARN]-[Thread: qtp1732538780-23]-[com.jfinal.core.ActionHandler.handle()]: 404 Action Not Found: /callRemoteFunction/exec

2016-06-17 15:39:42
[WARN]-[Thread: qtp1732538780-31]-[com.jfinal.core.ActionHandler.handle()]: 404 Action Not Found: /callRemoteFunction/exec

2016-06-17 15:39:42
[WARN]-[Thread: qtp1732538780-27]-[com.jfinal.core.ActionHandler.handle()]: 404 Action Not Found: /callRemoteFunction/exec

2016-06-17 15:42:42
[WARN]-[Thread: qtp1732538780-30]-[com.jfinal.core.ActionHandler.handle()]: 404 Action Not Found: /callRemoteFunction/exec

2016-06-17 15:42:42
[WARN]-[Thread: qtp1732538780-21]-[com.jfinal.core.ActionHandler.handle()]: 404 Action Not Found: /callRemoteFunction/exec

2016-06-17 15:45:42
[WARN]-[Thread: qtp1732538780-30]-[com.jfinal.core.ActionHandler.handle()]: 404 Action Not Found: /callRemoteFunction/exec

2016-06-17 15:45:42
[WARN]-[Thread: qtp1732538780-21]-[com.jfinal.core.ActionHandler.handle()]: 404 Action Not Found: /callRemoteFunction/exec

2016-06-17 15:48:42
[WARN]-[Thread: qtp1732538780-21]-[com.jfinal.core.ActionHandler.handle()]: 404 Action Not Found: /callRemoteFunction/exec

2016-06-17 15:48:42
[WARN]-[Thread: qtp1732538780-31]-[com.jfinal.core.ActionHandler.handle()]: 404 Action Not Found: /callRemoteFunction/exec

2016-06-17 15:51:42
[WARN]-[Thread: qtp1732538780-18]-[com.jfinal.core.ActionHandler.handle()]: 404 Action Not Found: /callRemoteFunction/exec

2016-06-17 15:51:42
[WARN]-[Thread: qtp1732538780-30]-[com.jfinal.core.ActionHandler.handle()]: 404 Action Not Found: /callRemoteFunction/exec

2016-06-17 15:54:42
[WARN]-[Thread: qtp1732538780-23]-[com.jfinal.core.ActionHandler.handle()]: 404 Action Not Found: /callRemoteFunction/exec

2016-06-17 15:54:42
[WARN]-[Thread: qtp1732538780-18]-[com.jfinal.core.ActionHandler.handle()]: 404 Action Not Found: /callRemoteFunction/exec

2016-06-17 15:57:42
[WARN]-[Thread: qtp1732538780-31]-[com.jfinal.core.ActionHandler.handle()]: 404 Action Not Found: /callRemoteFunction/exec

2016-06-17 15:57:42
[WARN]-[Thread: qtp1732538780-23]-[com.jfinal.core.ActionHandler.handle()]: 404 Action Not Found: /callRemoteFunction/exec

2016-06-17 16:00:42
[WARN]-[Thread: qtp1732538780-18]-[com.jfinal.core.ActionHandler.handle()]: 404 Action Not Found: /callRemoteFunction/exec

2016-06-17 16:00:42
[WARN]-[Thread: qtp1732538780-30]-[com.jfinal.core.ActionHandler.handle()]: 404 Action Not Found: /callRemoteFunction/exec

2016-06-17 16:03:42
[WARN]-[Thread: qtp1732538780-23]-[com.jfinal.core.ActionHandler.handle()]: 404 Action Not Found: /callRemoteFunction/exec

2016-06-17 16:03:42
[WARN]-[Thread: qtp1732538780-27]-[com.jfinal.core.ActionHandler.handle()]: 404 Action Not Found: /callRemoteFunction/exec

2016-06-17 16:06:42
[WARN]-[Thread: qtp1732538780-18]-[com.jfinal.core.ActionHandler.handle()]: 404 Action Not Found: /callRemoteFunction/exec

2016-06-17 16:06:42
[WARN]-[Thread: qtp1732538780-21]-[com.jfinal.core.ActionHandler.handle()]: 404 Action Not Found: /callRemoteFunction/exec

2016-06-17 16:09:42
[WARN]-[Thread: qtp1732538780-18]-[com.jfinal.core.ActionHandler.handle()]: 404 Action Not Found: /callRemoteFunction/exec

2016-06-17 16:09:42
[WARN]-[Thread: qtp1732538780-21]-[com.jfinal.core.ActionHandler.handle()]: 404 Action Not Found: /callRemoteFunction/exec

2016-06-17 16:12:42
[WARN]-[Thread: qtp1732538780-18]-[com.jfinal.core.ActionHandler.handle()]: 404 Action Not Found: /callRemoteFunction/exec

2016-06-17 16:12:42
[WARN]-[Thread: qtp1732538780-21]-[com.jfinal.core.ActionHandler.handle()]: 404 Action Not Found: /callRemoteFunction/exec

2016-06-17 16:15:42
[WARN]-[Thread: qtp1732538780-23]-[com.jfinal.core.ActionHandler.handle()]: 404 Action Not Found: /callRemoteFunction/exec

2016-06-17 16:15:42
[WARN]-[Thread: qtp1732538780-27]-[com.jfinal.core.ActionHandler.handle()]: 404 Action Not Found: /callRemoteFunction/exec

2016-06-17 16:18:42
[WARN]-[Thread: qtp1732538780-23]-[com.jfinal.core.ActionHandler.handle()]: 404 Action Not Found: /callRemoteFunction/exec

2016-06-17 16:18:42
[WARN]-[Thread: qtp1732538780-27]-[com.jfinal.core.ActionHandler.handle()]: 404 Action Not Found: /callRemoteFunction/exec

2016-06-17 16:21:42
[WARN]-[Thread: qtp1732538780-30]-[com.jfinal.core.ActionHandler.handle()]: 404 Action Not Found: /callRemoteFunction/exec

2016-06-17 16:21:42
[WARN]-[Thread: qtp1732538780-31]-[com.jfinal.core.ActionHandler.handle()]: 404 Action Not Found: /callRemoteFunction/exec

2016-06-17 16:24:42
[WARN]-[Thread: qtp1732538780-23]-[com.jfinal.core.ActionHandler.handle()]: 404 Action Not Found: /callRemoteFunction/exec

2016-06-17 16:24:42
[WARN]-[Thread: qtp1732538780-27]-[com.jfinal.core.ActionHandler.handle()]: 404 Action Not Found: /callRemoteFunction/exec

2016-06-17 16:27:42
[WARN]-[Thread: qtp1732538780-21]-[com.jfinal.core.ActionHandler.handle()]: 404 Action Not Found: /callRemoteFunction/exec

2016-06-17 16:27:42
[WARN]-[Thread: qtp1732538780-31]-[com.jfinal.core.ActionHandler.handle()]: 404 Action Not Found: /callRemoteFunction/exec

2016-06-17 16:30:42
[WARN]-[Thread: qtp1732538780-31]-[com.jfinal.core.ActionHandler.handle()]: 404 Action Not Found: /callRemoteFunction/exec

2016-06-17 16:30:42
[WARN]-[Thread: qtp1732538780-23]-[com.jfinal.core.ActionHandler.handle()]: 404 Action Not Found: /callRemoteFunction/exec

2016-06-17 16:33:42
[WARN]-[Thread: qtp1732538780-31]-[com.jfinal.core.ActionHandler.handle()]: 404 Action Not Found: /callRemoteFunction/exec

2016-06-17 16:33:42
[WARN]-[Thread: qtp1732538780-23]-[com.jfinal.core.ActionHandler.handle()]: 404 Action Not Found: /callRemoteFunction/exec

2016-06-17 16:36:42
[WARN]-[Thread: qtp1732538780-31]-[com.jfinal.core.ActionHandler.handle()]: 404 Action Not Found: /callRemoteFunction/exec

2016-06-17 16:36:42
[WARN]-[Thread: qtp1732538780-23]-[com.jfinal.core.ActionHandler.handle()]: 404 Action Not Found: /callRemoteFunction/exec

2016-06-17 16:39:42
[WARN]-[Thread: qtp1732538780-30]-[com.jfinal.core.ActionHandler.handle()]: 404 Action Not Found: /callRemoteFunction/exec

2016-06-17 16:39:42
[WARN]-[Thread: qtp1732538780-21]-[com.jfinal.core.ActionHandler.handle()]: 404 Action Not Found: /callRemoteFunction/exec

2016-06-17 16:42:42
[WARN]-[Thread: qtp1732538780-21]-[com.jfinal.core.ActionHandler.handle()]: 404 Action Not Found: /callRemoteFunction/exec

2016-06-17 16:42:42
[WARN]-[Thread: qtp1732538780-31]-[com.jfinal.core.ActionHandler.handle()]: 404 Action Not Found: /callRemoteFunction/exec

2016-06-17 16:45:42
[WARN]-[Thread: qtp1732538780-27]-[com.jfinal.core.ActionHandler.handle()]: 404 Action Not Found: /callRemoteFunction/exec

2016-06-17 16:45:42
[WARN]-[Thread: qtp1732538780-18]-[com.jfinal.core.ActionHandler.handle()]: 404 Action Not Found: /callRemoteFunction/exec

2016-06-17 16:48:42
[WARN]-[Thread: qtp1732538780-21]-[com.jfinal.core.ActionHandler.handle()]: 404 Action Not Found: /callRemoteFunction/exec

2016-06-17 16:48:42
[WARN]-[Thread: qtp1732538780-31]-[com.jfinal.core.ActionHandler.handle()]: 404 Action Not Found: /callRemoteFunction/exec

2016-06-17 16:51:42
[WARN]-[Thread: qtp1732538780-27]-[com.jfinal.core.ActionHandler.handle()]: 404 Action Not Found: /callRemoteFunction/exec

2016-06-17 16:51:42
[WARN]-[Thread: qtp1732538780-30]-[com.jfinal.core.ActionHandler.handle()]: 404 Action Not Found: /callRemoteFunction/exec

2016-06-17 16:54:42
[WARN]-[Thread: qtp1732538780-21]-[com.jfinal.core.ActionHandler.handle()]: 404 Action Not Found: /callRemoteFunction/exec

2016-06-17 16:54:42
[WARN]-[Thread: qtp1732538780-31]-[com.jfinal.core.ActionHandler.handle()]: 404 Action Not Found: /callRemoteFunction/exec

2016-06-17 16:57:42
[WARN]-[Thread: qtp1732538780-27]-[com.jfinal.core.ActionHandler.handle()]: 404 Action Not Found: /callRemoteFunction/exec

2016-06-17 16:57:42
[WARN]-[Thread: qtp1732538780-30]-[com.jfinal.core.ActionHandler.handle()]: 404 Action Not Found: /callRemoteFunction/exec

2016-06-17 17:00:42
[WARN]-[Thread: qtp1732538780-21]-[com.jfinal.core.ActionHandler.handle()]: 404 Action Not Found: /callRemoteFunction/exec

2016-06-17 17:00:42
[WARN]-[Thread: qtp1732538780-31]-[com.jfinal.core.ActionHandler.handle()]: 404 Action Not Found: /callRemoteFunction/exec

2016-06-17 17:03:42
[WARN]-[Thread: qtp1732538780-23]-[com.jfinal.core.ActionHandler.handle()]: 404 Action Not Found: /callRemoteFunction/exec

2016-06-17 17:03:42
[WARN]-[Thread: qtp1732538780-27]-[com.jfinal.core.ActionHandler.handle()]: 404 Action Not Found: /callRemoteFunction/exec

2016-06-17 17:06:42
[WARN]-[Thread: qtp1732538780-21]-[com.jfinal.core.ActionHandler.handle()]: 404 Action Not Found: /callRemoteFunction/exec

2016-06-17 17:06:42
[WARN]-[Thread: qtp1732538780-31]-[com.jfinal.core.ActionHandler.handle()]: 404 Action Not Found: /callRemoteFunction/exec

2016-06-17 19:18:08
[WARN]-[Thread: qtp1732538780-21]-[com.jfinal.core.ActionHandler.handle()]: 404 Action Not Found: /callRemoteFunction/exec

2016-06-17 19:18:08
[WARN]-[Thread: qtp1732538780-17]-[com.jfinal.core.ActionHandler.handle()]: 404 Action Not Found: /callRemoteFunction/exec

2016-06-17 19:18:18
[WARN]-[Thread: qtp1732538780-17]-[com.jfinal.core.ActionHandler.handle()]: 404 Action Not Found: /callRemoteFunction/exec

2016-06-17 19:18:21
[WARN]-[Thread: qtp1732538780-17]-[com.jfinal.core.ActionHandler.handle()]: 404 Action Not Found: /callRemoteFunction/exec

2016-06-17 19:18:21
[WARN]-[Thread: qtp1732538780-23]-[com.jfinal.core.ActionHandler.handle()]: 404 Action Not Found: /callRemoteFunction/exec

2016-06-17 19:18:51
[WARN]-[Thread: qtp1732538780-22]-[com.jfinal.core.ActionHandler.handle()]: 404 Action Not Found: /callRemoteFunction/exec

2016-06-17 19:18:51
[WARN]-[Thread: qtp1732538780-19]-[com.jfinal.core.ActionHandler.handle()]: 404 Action Not Found: /callRemoteFunction/exec

2016-06-17 19:18:54
[WARN]-[Thread: qtp1732538780-18]-[com.jfinal.core.ActionHandler.handle()]: 404 Action Not Found: /callRemoteFunction/exec

2016-06-17 19:19:11
[WARN]-[Thread: qtp1732538780-21]-[com.jfinal.core.ActionHandler.handle()]: 404 Action Not Found: /callRemoteFunction/exec

2016-06-17 19:19:11
[WARN]-[Thread: qtp1732538780-20]-[com.jfinal.core.ActionHandler.handle()]: 404 Action Not Found: /callRemoteFunction/exec

2016-06-17 19:20:00
[WARN]-[Thread: qtp1732538780-22]-[com.jfinal.core.ActionHandler.handle()]: 404 Action Not Found: /callRemoteFunction/exec

2016-06-17 19:20:06
[WARN]-[Thread: qtp1732538780-19]-[com.jfinal.core.ActionHandler.handle()]: 404 Action Not Found: /callRemoteFunction/exec

2016-06-17 19:20:12
[WARN]-[Thread: qtp1732538780-22]-[com.jfinal.core.ActionHandler.handle()]: 404 Action Not Found: /callRemoteFunction/exec

2016-06-17 19:20:12
[WARN]-[Thread: qtp1732538780-21]-[com.jfinal.core.ActionHandler.handle()]: 404 Action Not Found: /callRemoteFunction/exec

2016-06-17 19:20:16
[WARN]-[Thread: qtp1732538780-19]-[com.jfinal.core.ActionHandler.handle()]: 404 Action Not Found: /callRemoteFunction/exec

2016-06-17 19:20:16
[WARN]-[Thread: qtp1732538780-20]-[com.jfinal.core.ActionHandler.handle()]: 404 Action Not Found: /callRemoteFunction/exec

2016-06-17 19:20:16
[WARN]-[Thread: qtp1732538780-22]-[com.jfinal.core.ActionHandler.handle()]: 404 Action Not Found: /callRemoteFunction/exec

2016-06-17 19:20:19
[WARN]-[Thread: qtp1732538780-19]-[com.jfinal.core.ActionHandler.handle()]: 404 Action Not Found: /callRemoteFunction/exec

2016-06-17 19:20:20
[WARN]-[Thread: qtp1732538780-18]-[com.jfinal.core.ActionHandler.handle()]: 404 Action Not Found: /callRemoteFunction/exec

2016-06-17 19:20:21
[WARN]-[Thread: qtp1732538780-21]-[com.jfinal.core.ActionHandler.handle()]: 404 Action Not Found: /callRemoteFunction/exec

2016-06-17 19:21:00
[WARN]-[Thread: qtp1732538780-18]-[com.jfinal.core.ActionHandler.handle()]: 404 Action Not Found: /callRemoteFunction/exec

2016-06-17 19:22:01
[WARN]-[Thread: qtp1732538780-18]-[com.jfinal.core.ActionHandler.handle()]: 404 Action Not Found: /callRemoteFunction/exec

2016-06-17 19:22:17
[WARN]-[Thread: qtp1732538780-20]-[com.jfinal.core.ActionHandler.handle()]: 404 Action Not Found: /callRemoteFunction/exec

2016-06-17 19:22:26
[WARN]-[Thread: qtp1732538780-20]-[com.jfinal.core.ActionHandler.handle()]: 404 Action Not Found: /callRemoteFunction/exec

2016-06-17 19:22:28
[WARN]-[Thread: qtp1732538780-17]-[com.jfinal.core.ActionHandler.handle()]: 404 Action Not Found: /callRemoteFunction/exec

2016-06-17 19:22:28
[WARN]-[Thread: qtp1732538780-20]-[com.jfinal.core.ActionHandler.handle()]: 404 Action Not Found: /callRemoteFunction/exec

2016-06-17 19:22:41
[WARN]-[Thread: qtp1732538780-19]-[com.jfinal.core.ActionHandler.handle()]: 404 Action Not Found: /callRemoteFunction/exec

2016-06-17 19:22:41
[WARN]-[Thread: qtp1732538780-17]-[com.jfinal.core.ActionHandler.handle()]: 404 Action Not Found: /callRemoteFunction/exec

2016-06-17 19:23:26
[WARN]-[Thread: qtp1732538780-18]-[com.jfinal.core.ActionHandler.handle()]: 404 Action Not Found: /callRemoteFunction/exec

2016-06-17 19:24:26
[WARN]-[Thread: qtp1732538780-18]-[com.jfinal.core.ActionHandler.handle()]: 404 Action Not Found: /callRemoteFunction/exec

2016-06-17 19:25:26
[WARN]-[Thread: qtp1732538780-17]-[com.jfinal.core.ActionHandler.handle()]: 404 Action Not Found: /callRemoteFunction/exec

2016-06-17 20:06:59
[WARN]-[Thread: qtp1732538780-20]-[com.jfinal.core.ActionHandler.handle()]: 404 Action Not Found: /callRemoteFunction/exec

2016-06-17 20:07:14
[WARN]-[Thread: qtp1732538780-20]-[com.jfinal.core.ActionHandler.handle()]: 404 Action Not Found: /callRemoteFunction/exec

2016-06-17 20:08:14
[WARN]-[Thread: qtp1732538780-19]-[com.jfinal.core.ActionHandler.handle()]: 404 Action Not Found: /callRemoteFunction/exec

2016-06-17 20:09:14
[WARN]-[Thread: qtp1732538780-23]-[com.jfinal.core.ActionHandler.handle()]: 404 Action Not Found: /callRemoteFunction/exec

2016-06-17 20:10:14
[WARN]-[Thread: qtp1732538780-15]-[com.jfinal.core.ActionHandler.handle()]: 404 Action Not Found: /callRemoteFunction/exec

2016-06-17 20:11:14
[WARN]-[Thread: qtp1732538780-22]-[com.jfinal.core.ActionHandler.handle()]: 404 Action Not Found: /callRemoteFunction/exec

2016-06-17 20:12:14
[WARN]-[Thread: qtp1732538780-20]-[com.jfinal.core.ActionHandler.handle()]: 404 Action Not Found: /callRemoteFunction/exec

2016-06-17 20:13:14
[WARN]-[Thread: qtp1732538780-19]-[com.jfinal.core.ActionHandler.handle()]: 404 Action Not Found: /callRemoteFunction/exec

2016-06-17 20:14:14
[WARN]-[Thread: qtp1732538780-21]-[com.jfinal.core.ActionHandler.handle()]: 404 Action Not Found: /callRemoteFunction/exec

2016-06-19 14:08:56
[WARN]-[Thread: qtp165978559-18]-[com.jfinal.core.ActionHandler.handle()]: 404 Action Not Found: /callRemoteFunction/exec
